<?xml version="1.0" encoding="UTF-8"?>
<testsuite xmlns:xsi="http://www.w3.org/2001/XMLSchema-instance" xsi:noNamespaceSchemaLocation="https://maven.apache.org/surefire/maven-surefire-plugin/xsd/surefire-test-report.xsd" name="TestSuite" time="1,233.095" tests="13" errors="0" skipped="10" failures="2">
  <properties>
[...]
</properties>
  <testcase name="verifyHomePageTitleTest" classname="com.crm.qa.testcases.HomePageTest" time="0.102"/>
  <testcase name="setup" classname="com.crm.qa.testcases.HomePageTest" time="607.213">
    <failure message="session not created&#10;from timeout: Timed out receiving message from renderer: 600.000&#10;  (Session info: chrome=88.0.4324.104)&#10;Build info: version: &apos;3.141.59&apos;, revision: &apos;e82be7d358&apos;, time: &apos;2018-11-14T08:17:03&apos;&#10;System info: host: &apos;LENOVO-PC&apos;, ip: &apos;192.168.0.220&apos;, os.name: &apos;Windows 10&apos;, os.arch: &apos;amd64&apos;, os.version: &apos;10.0&apos;, java.version: &apos;11.0.9&apos;&#10;Driver info: driver.version: ChromeDriver&#10;remote stacktrace: Backtrace:&#10;	GetHandleVerifier [0x00CEB963+483]&#10;	GetHandleVerifier [0x00CEB941+449]&#10;	GetHandleVerifier [0x01093308+3832712]&#10;	GetHandleVerifier [0x0108778C+3784716]&#10;	GetHandleVerifier [0x01086A47+3781319]&#10;	GetHandleVerifier [0x01086E36+3782326]&#10;	GetHandleVerifier [0x01086765+3780581]&#10;	GetHandleVerifier [0x0108FB21+3818401]&#10;	GetHandleVerifier [0x01086721+3780513]&#10;	GetHandleVerifier [0x010874B2+3783986]&#10;	GetHandleVerifier [0x01086A47+3781319]&#10;	GetHandleVerifier [0x01086E36+3782326]&#10;	GetHandleVerifier [0x01086765+3780581]&#10;	GetHandleVerifier [0x0108DF9C+3811356]&#10;	GetHandleVerifier [0x01086721+3780513]&#10;	GetHandleVerifier [0x010874B2+3783986]&#10;	GetHandleVerifier [0x01086A47+3781319]&#10;	GetHandleVerifier [0x01086E36+3782326]&#10;	GetHandleVerifier [0x01086765+3780581]&#10;	GetHandleVerifier [0x0108C392+3804178]&#10;	GetHandleVerifier [0x01086721+3780513]&#10;	GetHandleVerifier [0x010874B2+3783986]&#10;	GetHandleVerifier [0x01086A47+3781319]&#10;	GetHandleVerifier [0x01086E36+3782326]&#10;	GetHandleVerifier [0x01086765+3780581]&#10;	GetHandleVerifier [0x0108B655+3800789]&#10;	GetHandleVerifier [0x01086721+3780513]&#10;	GetHandleVerifier [0x010874B2+3783986]&#10;	GetHandleVerifier [0x01086A47+3781319]&#10;	GetHandleVerifier [0x01086E36+3782326]&#10;	GetHandleVerifier [0x01086765+3780581]&#10;	GetHandleVerifier [0x01082F46+3766214]&#10;	GetHandleVerifier [0x01086721+3780513]&#10;	GetHandleVerifier [0x01086543+3780035]&#10;	GetHandleVerifier [0x01086337+3779511]&#10;	GetHandleVerifier [0x01094540+3837376]&#10;	GetHandleVerifier [0x010CF4BC+4078908]&#10;	GetHandleVerifier [0x010CE56C+4074988]&#10;	GetHandleVerifier [0x010CB2EB+4062059]&#10;	GetHandleVerifier [0x010AED14+3945876]&#10;	GetHandleVerifier [0x010AFBCE+3949646]&#10;	GetHandleVerifier [0x010AFB59+3949529]&#10;	Ordinal0 [0x00CAB5CC+46540]&#10;	Ordinal0 [0x00CA9F53+40787]&#10;	Ordinal0 [0x00CA9B12+39698]&#10;	GetHandleVerifier [0x00FB1468+2907368]&#10;	GetHandleVerifier [0x00DF71EE+1096302]&#10;	GetHandleVerifier [0x00DB3E8D+821005]&#10;	GetHandleVerifier [0x00DB396B+819691]&#10;	GetHandleVerifier [0x00DB3881+819457]&#10;	GetHandleVerifier [0x00DDF463+998627]&#10;	BaseThreadInitThunk [0x75306359+25]&#10;	RtlGetAppContainerNamedObjectPath [0x77A38944+228]&#10;	RtlGetAppContainerNamedObjectPath [0x77A38914+180]&#10;" type="org.openqa.selenium.SessionNotCreatedException">org.openqa.selenium.SessionNotCreatedException: 
session not created
from timeout: Timed out receiving message from renderer: 600.000
  (Session info: chrome=88.0.4324.104)
Build info: version: '3.141.59', revision: 'e82be7d358', time: '2018-11-14T08:17:03'
System info: host: 'LENOVO-PC', ip: '192.168.0.220', os.name: 'Windows 10', os.arch: 'amd64', os.version: '10.0', java.version: '11.0.9'
Driver info: driver.version: ChromeDriver
remote stacktrace: Backtrace:
	GetHandleVerifier [0x00CEB963+483]
	GetHandleVerifier [0x00CEB941+449]
	GetHandleVerifier [0x01093308+3832712]
	GetHandleVerifier [0x0108778C+3784716]
	GetHandleVerifier [0x01086A47+3781319]
	GetHandleVerifier [0x01086E36+3782326]
	GetHandleVerifier [0x01086765+3780581]
	GetHandleVerifier [0x0108FB21+3818401]
	GetHandleVerifier [0x01086721+3780513]
	GetHandleVerifier [0x010874B2+3783986]
	GetHandleVerifier [0x01086A47+3781319]
	GetHandleVerifier [0x01086E36+3782326]
	GetHandleVerifier [0x01086765+3780581]
	GetHandleVerifier [0x0108DF9C+3811356]
	GetHandleVerifier [0x01086721+3780513]
	GetHandleVerifier [0x010874B2+3783986]
	GetHandleVerifier [0x01086A47+3781319]
	GetHandleVerifier [0x01086E36+3782326]
	GetHandleVerifier [0x01086765+3780581]
	GetHandleVerifier [0x0108C392+3804178]
	GetHandleVerifier [0x01086721+3780513]
	GetHandleVerifier [0x010874B2+3783986]
	GetHandleVerifier [0x01086A47+3781319]
	GetHandleVerifier [0x01086E36+3782326]
	GetHandleVerifier [0x01086765+3780581]
	GetHandleVerifier [0x0108B655+3800789]
	GetHandleVerifier [0x01086721+3780513]
	GetHandleVerifier [0x010874B2+3783986]
	GetHandleVerifier [0x01086A47+3781319]
	GetHandleVerifier [0x01086E36+3782326]
	GetHandleVerifier [0x01086765+3780581]
	GetHandleVerifier [0x01082F46+3766214]
	GetHandleVerifier [0x01086721+3780513]
	GetHandleVerifier [0x01086543+3780035]
	GetHandleVerifier [0x01086337+3779511]
	GetHandleVerifier [0x01094540+3837376]
	GetHandleVerifier [0x010CF4BC+4078908]
	GetHandleVerifier [0x010CE56C+4074988]
	GetHandleVerifier [0x010CB2EB+4062059]
	GetHandleVerifier [0x010AED14+3945876]
	GetHandleVerifier [0x010AFBCE+3949646]
	GetHandleVerifier [0x010AFB59+3949529]
	Ordinal0 [0x00CAB5CC+46540]
	Ordinal0 [0x00CA9F53+40787]
	Ordinal0 [0x00CA9B12+39698]
	GetHandleVerifier [0x00FB1468+2907368]
	GetHandleVerifier [0x00DF71EE+1096302]
	GetHandleVerifier [0x00DB3E8D+821005]
	GetHandleVerifier [0x00DB396B+819691]
	GetHandleVerifier [0x00DB3881+819457]
	GetHandleVerifier [0x00DDF463+998627]
	BaseThreadInitThunk [0x75306359+25]
	RtlGetAppContainerNamedObjectPath [0x77A38944+228]
	RtlGetAppContainerNamedObjectPath [0x77A38914+180]

	at com.crm.qa.testcases.HomePageTest.setup(HomePageTest.java:28)
</failure>
    <system-err><![CDATA[Starting ChromeDriver 88.0.4324.96 (68dba2d8a0b149a1d3afac56fa74648032bcf46b-refs/branch-heads/4324@{#1784}) on port 9243
Only local connections are allowed.
Please see https://chromedriver.chromium.org/security-considerations for suggestions on keeping ChromeDriver safe.
ChromeDriver was started successfully.
[1612789832.154][SEVERE]: Timed out receiving message from renderer: 600.000
]]></system-err>
  </testcase>
  <testcase name="setup" classname="com.crm.qa.testcases.HomePageTest" time="0">
    <skipped/>
  </testcase>
  <testcase name="verifyUserNameTest" classname="com.crm.qa.testcases.HomePageTest" time="0">
    <skipped message="session not created&#10;from timeout: Timed out receiving message from renderer: 600.000&#10;  (Session info: chrome=88.0.4324.104)&#10;Build info: version: &apos;3.141.59&apos;, revision: &apos;e82be7d358&apos;, time: &apos;2018-11-14T08:17:03&apos;&#10;System info: host: &apos;LENOVO-PC&apos;, ip: &apos;192.168.0.220&apos;, os.name: &apos;Windows 10&apos;, os.arch: &apos;amd64&apos;, os.version: &apos;10.0&apos;, java.version: &apos;11.0.9&apos;&#10;Driver info: driver.version: ChromeDriver&#10;remote stacktrace: Backtrace:&#10;	GetHandleVerifier [0x00CEB963+483]&#10;	GetHandleVerifier [0x00CEB941+449]&#10;	GetHandleVerifier [0x01093308+3832712]&#10;	GetHandleVerifier [0x0108778C+3784716]&#10;	GetHandleVerifier [0x01086A47+3781319]&#10;	GetHandleVerifier [0x01086E36+3782326]&#10;	GetHandleVerifier [0x01086765+3780581]&#10;	GetHandleVerifier [0x0108FB21+3818401]&#10;	GetHandleVerifier [0x01086721+3780513]&#10;	GetHandleVerifier [0x010874B2+3783986]&#10;	GetHandleVerifier [0x01086A47+3781319]&#10;	GetHandleVerifier [0x01086E36+3782326]&#10;	GetHandleVerifier [0x01086765+3780581]&#10;	GetHandleVerifier [0x0108DF9C+3811356]&#10;	GetHandleVerifier [0x01086721+3780513]&#10;	GetHandleVerifier [0x010874B2+3783986]&#10;	GetHandleVerifier [0x01086A47+3781319]&#10;	GetHandleVerifier [0x01086E36+3782326]&#10;	GetHandleVerifier [0x01086765+3780581]&#10;	GetHandleVerifier [0x0108C392+3804178]&#10;	GetHandleVerifier [0x01086721+3780513]&#10;	GetHandleVerifier [0x010874B2+3783986]&#10;	GetHandleVerifier [0x01086A47+3781319]&#10;	GetHandleVerifier [0x01086E36+3782326]&#10;	GetHandleVerifier [0x01086765+3780581]&#10;	GetHandleVerifier [0x0108B655+3800789]&#10;	GetHandleVerifier [0x01086721+3780513]&#10;	GetHandleVerifier [0x010874B2+3783986]&#10;	GetHandleVerifier [0x01086A47+3781319]&#10;	GetHandleVerifier [0x01086E36+3782326]&#10;	GetHandleVerifier [0x01086765+3780581]&#10;	GetHandleVerifier [0x01082F46+3766214]&#10;	GetHandleVerifier [0x01086721+3780513]&#10;	GetHandleVerifier [0x01086543+3780035]&#10;	GetHandleVerifier [0x01086337+3779511]&#10;	GetHandleVerifier [0x01094540+3837376]&#10;	GetHandleVerifier [0x010CF4BC+4078908]&#10;	GetHandleVerifier [0x010CE56C+4074988]&#10;	GetHandleVerifier [0x010CB2EB+4062059]&#10;	GetHandleVerifier [0x010AED14+3945876]&#10;	GetHandleVerifier [0x010AFBCE+3949646]&#10;	GetHandleVerifier [0x010AFB59+3949529]&#10;	Ordinal0 [0x00CAB5CC+46540]&#10;	Ordinal0 [0x00CA9F53+40787]&#10;	Ordinal0 [0x00CA9B12+39698]&#10;	GetHandleVerifier [0x00FB1468+2907368]&#10;	GetHandleVerifier [0x00DF71EE+1096302]&#10;	GetHandleVerifier [0x00DB3E8D+821005]&#10;	GetHandleVerifier [0x00DB396B+819691]&#10;	GetHandleVerifier [0x00DB3881+819457]&#10;	GetHandleVerifier [0x00DDF463+998627]&#10;	BaseThreadInitThunk [0x75306359+25]&#10;	RtlGetAppContainerNamedObjectPath [0x77A38944+228]&#10;	RtlGetAppContainerNamedObjectPath [0x77A38914+180]&#10;"/>
  </testcase>
  <testcase name="tearDown" classname="com.crm.qa.testcases.HomePageTest" time="0">
    <skipped/>
  </testcase>
  <testcase name="tearDown" classname="com.crm.qa.testcases.HomePageTest" time="0">
    <skipped/>
  </testcase>
  <testcase name="clickOnContactsPageTest" classname="com.crm.qa.testcases.HomePageTest" time="0">
    <skipped message="session not created&#10;from timeout: Timed out receiving message from renderer: 600.000&#10;  (Session info: chrome=88.0.4324.104)&#10;Build info: version: &apos;3.141.59&apos;, revision: &apos;e82be7d358&apos;, time: &apos;2018-11-14T08:17:03&apos;&#10;System info: host: &apos;LENOVO-PC&apos;, ip: &apos;192.168.0.220&apos;, os.name: &apos;Windows 10&apos;, os.arch: &apos;amd64&apos;, os.version: &apos;10.0&apos;, java.version: &apos;11.0.9&apos;&#10;Driver info: driver.version: ChromeDriver&#10;remote stacktrace: Backtrace:&#10;	GetHandleVerifier [0x00CEB963+483]&#10;	GetHandleVerifier [0x00CEB941+449]&#10;	GetHandleVerifier [0x01093308+3832712]&#10;	GetHandleVerifier [0x0108778C+3784716]&#10;	GetHandleVerifier [0x01086A47+3781319]&#10;	GetHandleVerifier [0x01086E36+3782326]&#10;	GetHandleVerifier [0x01086765+3780581]&#10;	GetHandleVerifier [0x0108FB21+3818401]&#10;	GetHandleVerifier [0x01086721+3780513]&#10;	GetHandleVerifier [0x010874B2+3783986]&#10;	GetHandleVerifier [0x01086A47+3781319]&#10;	GetHandleVerifier [0x01086E36+3782326]&#10;	GetHandleVerifier [0x01086765+3780581]&#10;	GetHandleVerifier [0x0108DF9C+3811356]&#10;	GetHandleVerifier [0x01086721+3780513]&#10;	GetHandleVerifier [0x010874B2+3783986]&#10;	GetHandleVerifier [0x01086A47+3781319]&#10;	GetHandleVerifier [0x01086E36+3782326]&#10;	GetHandleVerifier [0x01086765+3780581]&#10;	GetHandleVerifier [0x0108C392+3804178]&#10;	GetHandleVerifier [0x01086721+3780513]&#10;	GetHandleVerifier [0x010874B2+3783986]&#10;	GetHandleVerifier [0x01086A47+3781319]&#10;	GetHandleVerifier [0x01086E36+3782326]&#10;	GetHandleVerifier [0x01086765+3780581]&#10;	GetHandleVerifier [0x0108B655+3800789]&#10;	GetHandleVerifier [0x01086721+3780513]&#10;	GetHandleVerifier [0x010874B2+3783986]&#10;	GetHandleVerifier [0x01086A47+3781319]&#10;	GetHandleVerifier [0x01086E36+3782326]&#10;	GetHandleVerifier [0x01086765+3780581]&#10;	GetHandleVerifier [0x01082F46+3766214]&#10;	GetHandleVerifier [0x01086721+3780513]&#10;	GetHandleVerifier [0x01086543+3780035]&#10;	GetHandleVerifier [0x01086337+3779511]&#10;	GetHandleVerifier [0x01094540+3837376]&#10;	GetHandleVerifier [0x010CF4BC+4078908]&#10;	GetHandleVerifier [0x010CE56C+4074988]&#10;	GetHandleVerifier [0x010CB2EB+4062059]&#10;	GetHandleVerifier [0x010AED14+3945876]&#10;	GetHandleVerifier [0x010AFBCE+3949646]&#10;	GetHandleVerifier [0x010AFB59+3949529]&#10;	Ordinal0 [0x00CAB5CC+46540]&#10;	Ordinal0 [0x00CA9F53+40787]&#10;	Ordinal0 [0x00CA9B12+39698]&#10;	GetHandleVerifier [0x00FB1468+2907368]&#10;	GetHandleVerifier [0x00DF71EE+1096302]&#10;	GetHandleVerifier [0x00DB3E8D+821005]&#10;	GetHandleVerifier [0x00DB396B+819691]&#10;	GetHandleVerifier [0x00DB3881+819457]&#10;	GetHandleVerifier [0x00DDF463+998627]&#10;	BaseThreadInitThunk [0x75306359+25]&#10;	RtlGetAppContainerNamedObjectPath [0x77A38944+228]&#10;	RtlGetAppContainerNamedObjectPath [0x77A38914+180]&#10;"/>
  </testcase>
  <testcase name="setup" classname="com.crm.qa.testcases.LoginPageTest" time="603.625">
    <failure message="session not created&#10;from timeout: Timed out receiving message from renderer: 600.000&#10;  (Session info: chrome=88.0.4324.104)&#10;Build info: version: &apos;3.141.59&apos;, revision: &apos;e82be7d358&apos;, time: &apos;2018-11-14T08:17:03&apos;&#10;System info: host: &apos;LENOVO-PC&apos;, ip: &apos;192.168.0.220&apos;, os.name: &apos;Windows 10&apos;, os.arch: &apos;amd64&apos;, os.version: &apos;10.0&apos;, java.version: &apos;11.0.9&apos;&#10;Driver info: driver.version: ChromeDriver&#10;remote stacktrace: Backtrace:&#10;	GetHandleVerifier [0x00CEB963+483]&#10;	GetHandleVerifier [0x00CEB941+449]&#10;	GetHandleVerifier [0x01093308+3832712]&#10;	GetHandleVerifier [0x0108778C+3784716]&#10;	GetHandleVerifier [0x01086A47+3781319]&#10;	GetHandleVerifier [0x01086E36+3782326]&#10;	GetHandleVerifier [0x01086765+3780581]&#10;	GetHandleVerifier [0x0108FB21+3818401]&#10;	GetHandleVerifier [0x01086721+3780513]&#10;	GetHandleVerifier [0x010874B2+3783986]&#10;	GetHandleVerifier [0x01086A47+3781319]&#10;	GetHandleVerifier [0x01086E36+3782326]&#10;	GetHandleVerifier [0x01086765+3780581]&#10;	GetHandleVerifier [0x0108DF9C+3811356]&#10;	GetHandleVerifier [0x01086721+3780513]&#10;	GetHandleVerifier [0x010874B2+3783986]&#10;	GetHandleVerifier [0x01086A47+3781319]&#10;	GetHandleVerifier [0x01086E36+3782326]&#10;	GetHandleVerifier [0x01086765+3780581]&#10;	GetHandleVerifier [0x0108C392+3804178]&#10;	GetHandleVerifier [0x01086721+3780513]&#10;	GetHandleVerifier [0x010874B2+3783986]&#10;	GetHandleVerifier [0x01086A47+3781319]&#10;	GetHandleVerifier [0x01086E36+3782326]&#10;	GetHandleVerifier [0x01086765+3780581]&#10;	GetHandleVerifier [0x0108B655+3800789]&#10;	GetHandleVerifier [0x01086721+3780513]&#10;	GetHandleVerifier [0x010874B2+3783986]&#10;	GetHandleVerifier [0x01086A47+3781319]&#10;	GetHandleVerifier [0x01086E36+3782326]&#10;	GetHandleVerifier [0x01086765+3780581]&#10;	GetHandleVerifier [0x01082F46+3766214]&#10;	GetHandleVerifier [0x01086721+3780513]&#10;	GetHandleVerifier [0x01086543+3780035]&#10;	GetHandleVerifier [0x01086337+3779511]&#10;	GetHandleVerifier [0x01094540+3837376]&#10;	GetHandleVerifier [0x010CF4BC+4078908]&#10;	GetHandleVerifier [0x010CE56C+4074988]&#10;	GetHandleVerifier [0x010CB2EB+4062059]&#10;	GetHandleVerifier [0x010AED14+3945876]&#10;	GetHandleVerifier [0x010AFBCE+3949646]&#10;	GetHandleVerifier [0x010AFB59+3949529]&#10;	Ordinal0 [0x00CAB5CC+46540]&#10;	Ordinal0 [0x00CA9F53+40787]&#10;	Ordinal0 [0x00CA9B12+39698]&#10;	GetHandleVerifier [0x00FB1468+2907368]&#10;	GetHandleVerifier [0x00DF71EE+1096302]&#10;	GetHandleVerifier [0x00DB3E8D+821005]&#10;	GetHandleVerifier [0x00DB396B+819691]&#10;	GetHandleVerifier [0x00DB3881+819457]&#10;	GetHandleVerifier [0x00DDF463+998627]&#10;	BaseThreadInitThunk [0x75306359+25]&#10;	RtlGetAppContainerNamedObjectPath [0x77A38944+228]&#10;	RtlGetAppContainerNamedObjectPath [0x77A38914+180]&#10;" type="org.openqa.selenium.SessionNotCreatedException">org.openqa.selenium.SessionNotCreatedException: 
session not created
from timeout: Timed out receiving message from renderer: 600.000
  (Session info: chrome=88.0.4324.104)
Build info: version: '3.141.59', revision: 'e82be7d358', time: '2018-11-14T08:17:03'
System info: host: 'LENOVO-PC', ip: '192.168.0.220', os.name: 'Windows 10', os.arch: 'amd64', os.version: '10.0', java.version: '11.0.9'
Driver info: driver.version: ChromeDriver
remote stacktrace: Backtrace:
	GetHandleVerifier [0x00CEB963+483]
	GetHandleVerifier [0x00CEB941+449]
	GetHandleVerifier [0x01093308+3832712]
	GetHandleVerifier [0x0108778C+3784716]
	GetHandleVerifier [0x01086A47+3781319]
	GetHandleVerifier [0x01086E36+3782326]
	GetHandleVerifier [0x01086765+3780581]
	GetHandleVerifier [0x0108FB21+3818401]
	GetHandleVerifier [0x01086721+3780513]
	GetHandleVerifier [0x010874B2+3783986]
	GetHandleVerifier [0x01086A47+3781319]
	GetHandleVerifier [0x01086E36+3782326]
	GetHandleVerifier [0x01086765+3780581]
	GetHandleVerifier [0x0108DF9C+3811356]
	GetHandleVerifier [0x01086721+3780513]
	GetHandleVerifier [0x010874B2+3783986]
	GetHandleVerifier [0x01086A47+3781319]
	GetHandleVerifier [0x01086E36+3782326]
	GetHandleVerifier [0x01086765+3780581]
	GetHandleVerifier [0x0108C392+3804178]
	GetHandleVerifier [0x01086721+3780513]
	GetHandleVerifier [0x010874B2+3783986]
	GetHandleVerifier [0x01086A47+3781319]
	GetHandleVerifier [0x01086E36+3782326]
	GetHandleVerifier [0x01086765+3780581]
	GetHandleVerifier [0x0108B655+3800789]
	GetHandleVerifier [0x01086721+3780513]
	GetHandleVerifier [0x010874B2+3783986]
	GetHandleVerifier [0x01086A47+3781319]
	GetHandleVerifier [0x01086E36+3782326]
	GetHandleVerifier [0x01086765+3780581]
	GetHandleVerifier [0x01082F46+3766214]
	GetHandleVerifier [0x01086721+3780513]
	GetHandleVerifier [0x01086543+3780035]
	GetHandleVerifier [0x01086337+3779511]
	GetHandleVerifier [0x01094540+3837376]
	GetHandleVerifier [0x010CF4BC+4078908]
	GetHandleVerifier [0x010CE56C+4074988]
	GetHandleVerifier [0x010CB2EB+4062059]
	GetHandleVerifier [0x010AED14+3945876]
	GetHandleVerifier [0x010AFBCE+3949646]
	GetHandleVerifier [0x010AFB59+3949529]
	Ordinal0 [0x00CAB5CC+46540]
	Ordinal0 [0x00CA9F53+40787]
	Ordinal0 [0x00CA9B12+39698]
	GetHandleVerifier [0x00FB1468+2907368]
	GetHandleVerifier [0x00DF71EE+1096302]
	GetHandleVerifier [0x00DB3E8D+821005]
	GetHandleVerifier [0x00DB396B+819691]
	GetHandleVerifier [0x00DB3881+819457]
	GetHandleVerifier [0x00DDF463+998627]
	BaseThreadInitThunk [0x75306359+25]
	RtlGetAppContainerNamedObjectPath [0x77A38944+228]
	RtlGetAppContainerNamedObjectPath [0x77A38914+180]

	at com.crm.qa.testcases.LoginPageTest.setup(LoginPageTest.java:22)
</failure>
    <system-err><![CDATA[Starting ChromeDriver 88.0.4324.96 (68dba2d8a0b149a1d3afac56fa74648032bcf46b-refs/branch-heads/4324@{#1784}) on port 12777
Only local connections are allowed.
Please see https://chromedriver.chromium.org/security-considerations for suggestions on keeping ChromeDriver safe.
ChromeDriver was started successfully.
[1612790436.258][SEVERE]: Timed out receiving message from renderer: 600.000
]]></system-err>
  </testcase>
  <testcase name="setup" classname="com.crm.qa.testcases.LoginPageTest" time="0">
    <skipped/>
  </testcase>
  <testcase name="loginPageTitleTest" classname="com.crm.qa.testcases.LoginPageTest" time="0">
    <skipped message="session not created&#10;from timeout: Timed out receiving message from renderer: 600.000&#10;  (Session info: chrome=88.0.4324.104)&#10;Build info: version: &apos;3.141.59&apos;, revision: &apos;e82be7d358&apos;, time: &apos;2018-11-14T08:17:03&apos;&#10;System info: host: &apos;LENOVO-PC&apos;, ip: &apos;192.168.0.220&apos;, os.name: &apos;Windows 10&apos;, os.arch: &apos;amd64&apos;, os.version: &apos;10.0&apos;, java.version: &apos;11.0.9&apos;&#10;Driver info: driver.version: ChromeDriver&#10;remote stacktrace: Backtrace:&#10;	GetHandleVerifier [0x00CEB963+483]&#10;	GetHandleVerifier [0x00CEB941+449]&#10;	GetHandleVerifier [0x01093308+3832712]&#10;	GetHandleVerifier [0x0108778C+3784716]&#10;	GetHandleVerifier [0x01086A47+3781319]&#10;	GetHandleVerifier [0x01086E36+3782326]&#10;	GetHandleVerifier [0x01086765+3780581]&#10;	GetHandleVerifier [0x0108FB21+3818401]&#10;	GetHandleVerifier [0x01086721+3780513]&#10;	GetHandleVerifier [0x010874B2+3783986]&#10;	GetHandleVerifier [0x01086A47+3781319]&#10;	GetHandleVerifier [0x01086E36+3782326]&#10;	GetHandleVerifier [0x01086765+3780581]&#10;	GetHandleVerifier [0x0108DF9C+3811356]&#10;	GetHandleVerifier [0x01086721+3780513]&#10;	GetHandleVerifier [0x010874B2+3783986]&#10;	GetHandleVerifier [0x01086A47+3781319]&#10;	GetHandleVerifier [0x01086E36+3782326]&#10;	GetHandleVerifier [0x01086765+3780581]&#10;	GetHandleVerifier [0x0108C392+3804178]&#10;	GetHandleVerifier [0x01086721+3780513]&#10;	GetHandleVerifier [0x010874B2+3783986]&#10;	GetHandleVerifier [0x01086A47+3781319]&#10;	GetHandleVerifier [0x01086E36+3782326]&#10;	GetHandleVerifier [0x01086765+3780581]&#10;	GetHandleVerifier [0x0108B655+3800789]&#10;	GetHandleVerifier [0x01086721+3780513]&#10;	GetHandleVerifier [0x010874B2+3783986]&#10;	GetHandleVerifier [0x01086A47+3781319]&#10;	GetHandleVerifier [0x01086E36+3782326]&#10;	GetHandleVerifier [0x01086765+3780581]&#10;	GetHandleVerifier [0x01082F46+3766214]&#10;	GetHandleVerifier [0x01086721+3780513]&#10;	GetHandleVerifier [0x01086543+3780035]&#10;	GetHandleVerifier [0x01086337+3779511]&#10;	GetHandleVerifier [0x01094540+3837376]&#10;	GetHandleVerifier [0x010CF4BC+4078908]&#10;	GetHandleVerifier [0x010CE56C+4074988]&#10;	GetHandleVerifier [0x010CB2EB+4062059]&#10;	GetHandleVerifier [0x010AED14+3945876]&#10;	GetHandleVerifier [0x010AFBCE+3949646]&#10;	GetHandleVerifier [0x010AFB59+3949529]&#10;	Ordinal0 [0x00CAB5CC+46540]&#10;	Ordinal0 [0x00CA9F53+40787]&#10;	Ordinal0 [0x00CA9B12+39698]&#10;	GetHandleVerifier [0x00FB1468+2907368]&#10;	GetHandleVerifier [0x00DF71EE+1096302]&#10;	GetHandleVerifier [0x00DB3E8D+821005]&#10;	GetHandleVerifier [0x00DB396B+819691]&#10;	GetHandleVerifier [0x00DB3881+819457]&#10;	GetHandleVerifier [0x00DDF463+998627]&#10;	BaseThreadInitThunk [0x75306359+25]&#10;	RtlGetAppContainerNamedObjectPath [0x77A38944+228]&#10;	RtlGetAppContainerNamedObjectPath [0x77A38914+180]&#10;"/>
  </testcase>
  <testcase name="tearDown" classname="com.crm.qa.testcases.LoginPageTest" time="0">
    <skipped/>
  </testcase>
  <testcase name="tearDown" classname="com.crm.qa.testcases.LoginPageTest" time="0">
    <skipped/>
  </testcase>
  <testcase name="loginFunc" classname="com.crm.qa.testcases.LoginPageTest" time="0">
    <skipped message="session not created&#10;from timeout: Timed out receiving message from renderer: 600.000&#10;  (Session info: chrome=88.0.4324.104)&#10;Build info: version: &apos;3.141.59&apos;, revision: &apos;e82be7d358&apos;, time: &apos;2018-11-14T08:17:03&apos;&#10;System info: host: &apos;LENOVO-PC&apos;, ip: &apos;192.168.0.220&apos;, os.name: &apos;Windows 10&apos;, os.arch: &apos;amd64&apos;, os.version: &apos;10.0&apos;, java.version: &apos;11.0.9&apos;&#10;Driver info: driver.version: ChromeDriver&#10;remote stacktrace: Backtrace:&#10;	GetHandleVerifier [0x00CEB963+483]&#10;	GetHandleVerifier [0x00CEB941+449]&#10;	GetHandleVerifier [0x01093308+3832712]&#10;	GetHandleVerifier [0x0108778C+3784716]&#10;	GetHandleVerifier [0x01086A47+3781319]&#10;	GetHandleVerifier [0x01086E36+3782326]&#10;	GetHandleVerifier [0x01086765+3780581]&#10;	GetHandleVerifier [0x0108FB21+3818401]&#10;	GetHandleVerifier [0x01086721+3780513]&#10;	GetHandleVerifier [0x010874B2+3783986]&#10;	GetHandleVerifier [0x01086A47+3781319]&#10;	GetHandleVerifier [0x01086E36+3782326]&#10;	GetHandleVerifier [0x01086765+3780581]&#10;	GetHandleVerifier [0x0108DF9C+3811356]&#10;	GetHandleVerifier [0x01086721+3780513]&#10;	GetHandleVerifier [0x010874B2+3783986]&#10;	GetHandleVerifier [0x01086A47+3781319]&#10;	GetHandleVerifier [0x01086E36+3782326]&#10;	GetHandleVerifier [0x01086765+3780581]&#10;	GetHandleVerifier [0x0108C392+3804178]&#10;	GetHandleVerifier [0x01086721+3780513]&#10;	GetHandleVerifier [0x010874B2+3783986]&#10;	GetHandleVerifier [0x01086A47+3781319]&#10;	GetHandleVerifier [0x01086E36+3782326]&#10;	GetHandleVerifier [0x01086765+3780581]&#10;	GetHandleVerifier [0x0108B655+3800789]&#10;	GetHandleVerifier [0x01086721+3780513]&#10;	GetHandleVerifier [0x010874B2+3783986]&#10;	GetHandleVerifier [0x01086A47+3781319]&#10;	GetHandleVerifier [0x01086E36+3782326]&#10;	GetHandleVerifier [0x01086765+3780581]&#10;	GetHandleVerifier [0x01082F46+3766214]&#10;	GetHandleVerifier [0x01086721+3780513]&#10;	GetHandleVerifier [0x01086543+3780035]&#10;	GetHandleVerifier [0x01086337+3779511]&#10;	GetHandleVerifier [0x01094540+3837376]&#10;	GetHandleVerifier [0x010CF4BC+4078908]&#10;	GetHandleVerifier [0x010CE56C+4074988]&#10;	GetHandleVerifier [0x010CB2EB+4062059]&#10;	GetHandleVerifier [0x010AED14+3945876]&#10;	GetHandleVerifier [0x010AFBCE+3949646]&#10;	GetHandleVerifier [0x010AFB59+3949529]&#10;	Ordinal0 [0x00CAB5CC+46540]&#10;	Ordinal0 [0x00CA9F53+40787]&#10;	Ordinal0 [0x00CA9B12+39698]&#10;	GetHandleVerifier [0x00FB1468+2907368]&#10;	GetHandleVerifier [0x00DF71EE+1096302]&#10;	GetHandleVerifier [0x00DB3E8D+821005]&#10;	GetHandleVerifier [0x00DB396B+819691]&#10;	GetHandleVerifier [0x00DB3881+819457]&#10;	GetHandleVerifier [0x00DDF463+998627]&#10;	BaseThreadInitThunk [0x75306359+25]&#10;	RtlGetAppContainerNamedObjectPath [0x77A38944+228]&#10;	RtlGetAppContainerNamedObjectPath [0x77A38914+180]&#10;"/>
  </testcase>
</testsuite>